<?xml version="1.0" encoding="UTF-8"?>
<testng-results skipped="0" failed="0" ignored="0" total="3" passed="3">
  <reporter-output>
  </reporter-output>
  <suite name="Default suite" duration-ms="31080" started-at="2019-11-11T12:42:29Z" finished-at="2019-11-11T12:43:00Z">
    <groups>
    </groups>
    <test name="Default test" duration-ms="31080" started-at="2019-11-11T12:42:29Z" finished-at="2019-11-11T12:43:00Z">
      <class name="Test.OrangeHRMTestLogin">
        <test-method status="PASS" signature="setUpBrowser()[pri:0, instance:Test.OrangeHRMTestLogin@1341870]" name="setUpBrowser" duration-ms="4146" started-at="2019-11-11T18:12:29Z" finished-at="2019-11-11T18:12:33Z">
          <reporter-output>
          </reporter-output>
        </test-method> <!-- setUpBrowser -->
        <test-method status="PASS" signature="tearDown(org.testng.ITestResult)[pri:0, instance:Test.OrangeHRMTestLogin@1341870]" name="tearDown" is-config="true" duration-ms="2" started-at="2019-11-11T18:12:33Z" finished-at="2019-11-11T18:12:33Z">
          <params>
            <param index="0">
              <value>
                <![CDATA[[TestResult name=setUpBrowser status=SUCCESS method=OrangeHRMTestLogin.setUpBrowser()[pri:0, instance:Test.OrangeHRMTestLogin@1341870] output={null}]]]>
              </value>
            </param>
          </params>
          <reporter-output>
          </reporter-output>
        </test-method> <!-- tearDown -->
        <test-method status="PASS" signature="loginToOrangeHRMWithValidCredentials(java.lang.String, java.lang.String)[pri:1, instance:Test.OrangeHRMTestLogin@1341870]" name="loginToOrangeHRMWithValidCredentials" duration-ms="22841" started-at="2019-11-11T18:12:33Z" data-provider="readValidData" finished-at="2019-11-11T18:12:56Z">
          <params>
            <param index="0">
              <value>
                <![CDATA[Admin]]>
              </value>
            </param>
            <param index="1">
              <value>
                <![CDATA[admin123]]>
              </value>
            </param>
          </params>
          <reporter-output>
          </reporter-output>
        </test-method> <!-- loginToOrangeHRMWithValidCredentials -->
        <test-method status="PASS" signature="tearDown(org.testng.ITestResult)[pri:0, instance:Test.OrangeHRMTestLogin@1341870]" name="tearDown" is-config="true" duration-ms="1" started-at="2019-11-11T18:12:56Z" finished-at="2019-11-11T18:12:56Z">
          <params>
            <param index="0">
              <value>
                <![CDATA[[TestResult name=loginToOrangeHRMWithValidCredentials status=SUCCESS method=OrangeHRMTestLogin.loginToOrangeHRMWithValidCredentials(java.lang.String, java.lang.String)[pri:1, instance:Test.OrangeHRMTestLogin@1341870] output={null}]]]>
              </value>
            </param>
          </params>
          <reporter-output>
          </reporter-output>
        </test-method> <!-- tearDown -->
        <test-method status="PASS" signature="InvalidloginToOrangeHRM(java.lang.String, java.lang.String)[pri:2, instance:Test.OrangeHRMTestLogin@1341870]" name="InvalidloginToOrangeHRM" duration-ms="3315" started-at="2019-11-11T18:12:56Z" data-provider="readInvalidData" finished-at="2019-11-11T18:13:00Z">
          <params>
            <param index="0">
              <value>
                <![CDATA[Admin]]>
              </value>
            </param>
            <param index="1">
              <value>
                <![CDATA[admin1234]]>
              </value>
            </param>
          </params>
          <reporter-output>
          </reporter-output>
        </test-method> <!-- InvalidloginToOrangeHRM -->
        <test-method status="PASS" signature="tearDown(org.testng.ITestResult)[pri:0, instance:Test.OrangeHRMTestLogin@1341870]" name="tearDown" is-config="true" duration-ms="1" started-at="2019-11-11T18:13:00Z" finished-at="2019-11-11T18:13:00Z">
          <params>
            <param index="0">
              <value>
                <![CDATA[[TestResult name=InvalidloginToOrangeHRM status=SUCCESS method=OrangeHRMTestLogin.InvalidloginToOrangeHRM(java.lang.String, java.lang.String)[pri:2, instance:Test.OrangeHRMTestLogin@1341870] output={null}]]]>
              </value>
            </param>
          </params>
          <reporter-output>
          </reporter-output>
        </test-method> <!-- tearDown -->
        <test-method status="PASS" signature="closeBrowser()[pri:0, instance:Test.OrangeHRMTestLogin@1341870]" name="closeBrowser" is-config="true" duration-ms="1360" started-at="2019-11-11T18:13:00Z" finished-at="2019-11-11T18:13:01Z">
          <reporter-output>
          </reporter-output>
        </test-method> <!-- closeBrowser -->
      </class> <!-- Test.OrangeHRMTestLogin -->
    </test> <!-- Default test -->
  </suite> <!-- Default suite -->
</testng-results>
