<?xml version="1.0" encoding="UTF-8"?>
<!-- Generated by org.testng.reporters.JUnitXMLReporter -->
<testsuite hostname="Win-PC" ignored="0" name="Default test" tests="3" failures="0" timestamp="11 Nov 2019 12:43:00 GMT" time="31.08" errors="0">
  <testcase name="setUpBrowser" time="4.146" classname="Test.OrangeHRMTestLogin"/>
  <testcase name="loginToOrangeHRMWithValidCredentials" time="22.841" classname="Test.OrangeHRMTestLogin"/>
  <testcase name="InvalidloginToOrangeHRM" time="3.315" classname="Test.OrangeHRMTestLogin"/>
</testsuite> <!-- Default test -->
