<?xml version="1.0" encoding="UTF-8"?>
<testng-results skipped="0" failed="0" ignored="0" total="4" passed="4">
  <reporter-output>
  </reporter-output>
  <suite name="Default suite" duration-ms="156740" started-at="2020-03-26T07:50:31Z" finished-at="2020-03-26T07:53:08Z">
    <groups>
    </groups>
    <test name="Default test" duration-ms="156740" started-at="2020-03-26T07:50:31Z" finished-at="2020-03-26T07:53:08Z">
      <class name="Test.NationalitiesTest">
        <test-method status="PASS" signature="setBrowesr()[pri:0, instance:Test.NationalitiesTest@adede5]" name="setBrowesr" is-config="true" duration-ms="68828" started-at="2020-03-26T13:20:31Z" finished-at="2020-03-26T13:21:40Z">
          <reporter-output>
          </reporter-output>
        </test-method> <!-- setBrowesr -->
        <test-method status="PASS" signature="Login(java.lang.String, java.lang.String)[pri:1, instance:Test.NationalitiesTest@adede5]" name="Login" duration-ms="44433" started-at="2020-03-26T13:21:42Z" data-provider="logindata" finished-at="2020-03-26T13:22:26Z">
          <params>
            <param index="0">
              <value>
                <![CDATA[Admin]]>
              </value>
            </param>
            <param index="1">
              <value>
                <![CDATA[admin123]]>
              </value>
            </param>
          </params>
          <reporter-output>
          </reporter-output>
        </test-method> <!-- Login -->
        <test-method status="PASS" signature="tearDown(org.testng.ITestResult)[pri:0, instance:Test.NationalitiesTest@adede5]" name="tearDown" is-config="true" duration-ms="2" started-at="2020-03-26T13:22:26Z" finished-at="2020-03-26T13:22:26Z">
          <params>
            <param index="0">
              <value>
                <![CDATA[[TestResult name=Login status=SUCCESS method=NationalitiesTest.Login(java.lang.String, java.lang.String)[pri:1, instance:Test.NationalitiesTest@adede5] output={null}]]]>
              </value>
            </param>
          </params>
          <reporter-output>
          </reporter-output>
        </test-method> <!-- tearDown -->
        <test-method status="PASS" signature="openNationaliitesPage()[pri:2, instance:Test.NationalitiesTest@adede5]" name="openNationaliitesPage" duration-ms="16566" started-at="2020-03-26T13:22:26Z" finished-at="2020-03-26T13:22:43Z">
          <reporter-output>
          </reporter-output>
        </test-method> <!-- openNationaliitesPage -->
        <test-method status="PASS" signature="tearDown(org.testng.ITestResult)[pri:0, instance:Test.NationalitiesTest@adede5]" name="tearDown" is-config="true" duration-ms="0" started-at="2020-03-26T13:22:43Z" finished-at="2020-03-26T13:22:43Z">
          <params>
            <param index="0">
              <value>
                <![CDATA[[TestResult name=openNationaliitesPage status=SUCCESS method=NationalitiesTest.openNationaliitesPage()[pri:2, instance:Test.NationalitiesTest@adede5] output={null}]]]>
              </value>
            </param>
          </params>
          <reporter-output>
          </reporter-output>
        </test-method> <!-- tearDown -->
        <test-method status="PASS" signature="addNationality(java.lang.String)[pri:3, instance:Test.NationalitiesTest@adede5]" name="addNationality" duration-ms="12720" started-at="2020-03-26T13:22:43Z" data-provider="nationalitydata" finished-at="2020-03-26T13:22:55Z">
          <params>
            <param index="0">
              <value>
                <![CDATA[Indiaaa123]]>
              </value>
            </param>
          </params>
          <reporter-output>
          </reporter-output>
        </test-method> <!-- addNationality -->
        <test-method status="PASS" signature="tearDown(org.testng.ITestResult)[pri:0, instance:Test.NationalitiesTest@adede5]" name="tearDown" is-config="true" duration-ms="1" started-at="2020-03-26T13:22:55Z" finished-at="2020-03-26T13:22:55Z">
          <params>
            <param index="0">
              <value>
                <![CDATA[[TestResult name=addNationality status=SUCCESS method=NationalitiesTest.addNationality(java.lang.String)[pri:3, instance:Test.NationalitiesTest@adede5] output={null}]]]>
              </value>
            </param>
          </params>
          <reporter-output>
          </reporter-output>
        </test-method> <!-- tearDown -->
        <test-method status="PASS" signature="deleteNationality(java.lang.String)[pri:4, instance:Test.NationalitiesTest@adede5]" name="deleteNationality" duration-ms="11158" started-at="2020-03-26T13:22:55Z" data-provider="nationalitydata" finished-at="2020-03-26T13:23:07Z">
          <params>
            <param index="0">
              <value>
                <![CDATA[Indiaaa123]]>
              </value>
            </param>
          </params>
          <reporter-output>
          </reporter-output>
        </test-method> <!-- deleteNationality -->
        <test-method status="PASS" signature="tearDown(org.testng.ITestResult)[pri:0, instance:Test.NationalitiesTest@adede5]" name="tearDown" is-config="true" duration-ms="1" started-at="2020-03-26T13:23:07Z" finished-at="2020-03-26T13:23:07Z">
          <params>
            <param index="0">
              <value>
                <![CDATA[[TestResult name=deleteNationality status=SUCCESS method=NationalitiesTest.deleteNationality(java.lang.String)[pri:4, instance:Test.NationalitiesTest@adede5] output={null}]]]>
              </value>
            </param>
          </params>
          <reporter-output>
          </reporter-output>
        </test-method> <!-- tearDown -->
        <test-method status="PASS" signature="closeBrowser()[pri:0, instance:Test.NationalitiesTest@adede5]" name="closeBrowser" is-config="true" duration-ms="1088" started-at="2020-03-26T13:23:07Z" finished-at="2020-03-26T13:23:08Z">
          <reporter-output>
          </reporter-output>
        </test-method> <!-- closeBrowser -->
      </class> <!-- Test.NationalitiesTest -->
    </test> <!-- Default test -->
  </suite> <!-- Default suite -->
</testng-results>
