<?xml version="1.0" encoding="UTF-8"?>
<!-- Generated by org.testng.reporters.JUnitXMLReporter -->
<testsuite hostname="Win-PC" ignored="0" name="Default test" tests="4" failures="0" timestamp="26 Mar 2020 07:53:08 GMT" time="156.74" errors="0">
  <testcase name="Login" time="44.433" classname="Test.NationalitiesTest"/>
  <testcase name="openNationaliitesPage" time="16.566" classname="Test.NationalitiesTest"/>
  <testcase name="addNationality" time="12.72" classname="Test.NationalitiesTest"/>
  <testcase name="deleteNationality" time="11.158" classname="Test.NationalitiesTest"/>
</testsuite> <!-- Default test -->
